2019-03-14 16:23:30.888 [main] INFO  com.alipay.sofa.common.log - Sofa-Middleware-Log SLF4J : Actual logging.path is [ ./logs ]
2019-03-14 16:23:30.895 [main] INFO  com.alipay.sofa.common.log - Sofa-Middleware-Log SLF4J : Actual binding is of type [ com.alipay.sofa.infra Logback ]
2019-03-14 16:23:30.930 [main] INFO  com.alipay.sofa.common.log - Sofa-Middleware-Log SLF4J : Actual binding is of type [ com.alipay.sofa.rpc Logback ]
2019-03-14 16:23:31.085 [background-preinit] INFO  org.hibernate.validator.internal.util.Version - HV000001: Hibernate Validator 5.2.4.Final
2019-03-14 16:23:31.232 [main] INFO  com.alipay.sofa.common.log - Sofa-Middleware-Log SLF4J : Actual binding is of type [ com.alipay.sofa.healthcheck Logback ]
2019-03-14 16:23:31.247 [main] INFO  com.dodolu.sofacore.test.usercases.BeanTest - Starting BeanTest on ASUS-dodolu with PID 3972 (started by ASUS in E:\idea\sofa-boot\sofa-core-demo\sofa-core-demo-service)
2019-03-14 16:23:31.247 [main] INFO  com.dodolu.sofacore.test.usercases.BeanTest - No active profile set, falling back to default profiles: default
2019-03-14 16:23:31.275 [main] INFO  o.s.w.context.support.GenericWebApplicationContext - Refreshing org.springframework.web.context.support.GenericWebApplicationContext@10289886: startup date [Thu Mar 14 16:23:31 CST 2019]; root of context hierarchy
2019-03-14 16:23:31.909 [main] INFO  o.s.beans.factory.xml.XmlBeanDefinitionReader - Loading XML bean definitions from file [E:\idea\sofa-boot\sofa-core-demo\sofa-core-demo-service\target\classes\META-INF\sofa-core-demo\sofa-core-demo-service.xml]
2019-03-14 16:23:32.388 [main] INFO  o.s.b.f.a.AutowiredAnnotationBeanPostProcessor - JSR-330 'javax.inject.Inject' annotation found and supported for autowiring
2019-03-14 16:23:32.595 [main] INFO  com.alipay.sofa.common.log - Sofa-Middleware-Log SLF4J : Actual binding is of type [ com.alipay.sofa.runtime Logback ]
2019-03-14 16:23:33.313 [main] INFO  o.s.w.s.m.m.a.RequestMappingHandlerAdapter - Looking for @ControllerAdvice: org.springframework.web.context.support.GenericWebApplicationContext@10289886: startup date [Thu Mar 14 16:23:31 CST 2019]; root of context hierarchy
2019-03-14 16:23:33.379 [main] INFO  o.s.w.s.m.m.a.RequestMappingHandlerMapping - Mapped "{[/error]}" onto public org.springframework.http.ResponseEntity<java.util.Map<java.lang.String, java.lang.Object>> org.springframework.boot.autoconfigure.web.BasicErrorController.error(javax.servlet.http.HttpServletRequest)
2019-03-14 16:23:33.380 [main] INFO  o.s.w.s.m.m.a.RequestMappingHandlerMapping - Mapped "{[/error],produces=[text/html]}" onto public org.springframework.web.servlet.ModelAndView org.springframework.boot.autoconfigure.web.BasicErrorController.errorHtml(javax.servlet.http.HttpServletRequest,javax.servlet.http.HttpServletResponse)
2019-03-14 16:23:33.408 [main] INFO  o.s.web.servlet.handler.SimpleUrlHandlerMapping - Mapped URL path [/webjars/**] onto handler of type [class org.springframework.web.servlet.resource.ResourceHttpRequestHandler]
2019-03-14 16:23:33.408 [main] INFO  o.s.web.servlet.handler.SimpleUrlHandlerMapping - Mapped URL path [/**] onto handler of type [class org.springframework.web.servlet.resource.ResourceHttpRequestHandler]
2019-03-14 16:23:33.444 [main] INFO  o.s.web.servlet.handler.SimpleUrlHandlerMapping - Mapped URL path [/**/favicon.ico] onto handler of type [class org.springframework.web.servlet.resource.ResourceHttpRequestHandler]
2019-03-14 16:23:33.801 [main] INFO  o.s.b.actuate.endpoint.mvc.EndpointHandlerMapping - Mapped "{[/health || /health.json],produces=[application/json]}" onto public java.lang.Object org.springframework.boot.actuate.endpoint.mvc.HealthMvcEndpoint.invoke(java.security.Principal)
2019-03-14 16:23:33.801 [main] INFO  o.s.b.actuate.endpoint.mvc.EndpointHandlerMapping - Mapped "{[/health/readiness || /health/readiness.json],produces=[application/json]}" onto public java.lang.Object com.alipay.sofa.healthcheck.service.SofaBootReadinessCheckMvcEndpoint.invoke(java.security.Principal)
2019-03-14 16:23:33.801 [main] INFO  o.s.b.actuate.endpoint.mvc.EndpointHandlerMapping - Mapped "{[/sofaboot/versions || /sofaboot/versions.json],produces=[application/json]}" onto public java.lang.Object com.alipay.sofa.infra.endpoint.SofaBootVersionEndpointMvcAdapter.invoke()
2019-03-14 16:23:33.963 [main] INFO  com.alipay.sofa.common.log - Sofa-Middleware-Log SLF4J : Actual binding is of type [ com.alipay.remoting Logback ]
2019-03-14 16:23:34.946 [main] INFO  com.dodolu.sofacore.test.usercases.BeanTest - Started BeanTest in 4.723 seconds (JVM running for 5.59)
2019-03-14 16:23:34.978 [Thread-2] INFO  o.s.w.context.support.GenericWebApplicationContext - Closing org.springframework.web.context.support.GenericWebApplicationContext@10289886: startup date [Thu Mar 14 16:23:31 CST 2019]; root of context hierarchy
2019-03-14 16:24:56.787 [main] INFO  com.alipay.sofa.common.log - Sofa-Middleware-Log SLF4J : Actual logging.path is [ ./logs ]
2019-03-14 16:24:56.793 [main] INFO  com.alipay.sofa.common.log - Sofa-Middleware-Log SLF4J : Actual binding is of type [ com.alipay.sofa.infra Logback ]
2019-03-14 16:24:56.833 [main] INFO  com.alipay.sofa.common.log - Sofa-Middleware-Log SLF4J : Actual binding is of type [ com.alipay.sofa.rpc Logback ]
2019-03-14 16:24:57.009 [background-preinit] INFO  org.hibernate.validator.internal.util.Version - HV000001: Hibernate Validator 5.2.4.Final
2019-03-14 16:24:57.122 [main] INFO  com.alipay.sofa.common.log - Sofa-Middleware-Log SLF4J : Actual binding is of type [ com.alipay.sofa.healthcheck Logback ]
2019-03-14 16:24:57.134 [main] INFO  com.dodolu.sofacore.test.usercases.BeanTest - Starting BeanTest on ASUS-dodolu with PID 12412 (started by ASUS in E:\idea\sofa-boot\sofa-core-demo\sofa-core-demo-service)
2019-03-14 16:24:57.135 [main] INFO  com.dodolu.sofacore.test.usercases.BeanTest - No active profile set, falling back to default profiles: default
2019-03-14 16:24:57.160 [main] INFO  o.s.w.context.support.GenericWebApplicationContext - Refreshing org.springframework.web.context.support.GenericWebApplicationContext@10289886: startup date [Thu Mar 14 16:24:57 CST 2019]; root of context hierarchy
2019-03-14 16:24:57.793 [main] INFO  o.s.beans.factory.xml.XmlBeanDefinitionReader - Loading XML bean definitions from file [E:\idea\sofa-boot\sofa-core-demo\sofa-core-demo-service\target\classes\META-INF\sofa-core-demo\sofa-core-demo-service.xml]
2019-03-14 16:24:58.264 [main] INFO  o.s.b.f.a.AutowiredAnnotationBeanPostProcessor - JSR-330 'javax.inject.Inject' annotation found and supported for autowiring
2019-03-14 16:24:58.502 [main] INFO  com.alipay.sofa.common.log - Sofa-Middleware-Log SLF4J : Actual binding is of type [ com.alipay.sofa.runtime Logback ]
2019-03-14 16:24:59.239 [main] INFO  o.s.w.s.m.m.a.RequestMappingHandlerAdapter - Looking for @ControllerAdvice: org.springframework.web.context.support.GenericWebApplicationContext@10289886: startup date [Thu Mar 14 16:24:57 CST 2019]; root of context hierarchy
2019-03-14 16:24:59.300 [main] INFO  o.s.w.s.m.m.a.RequestMappingHandlerMapping - Mapped "{[/error]}" onto public org.springframework.http.ResponseEntity<java.util.Map<java.lang.String, java.lang.Object>> org.springframework.boot.autoconfigure.web.BasicErrorController.error(javax.servlet.http.HttpServletRequest)
2019-03-14 16:24:59.301 [main] INFO  o.s.w.s.m.m.a.RequestMappingHandlerMapping - Mapped "{[/error],produces=[text/html]}" onto public org.springframework.web.servlet.ModelAndView org.springframework.boot.autoconfigure.web.BasicErrorController.errorHtml(javax.servlet.http.HttpServletRequest,javax.servlet.http.HttpServletResponse)
2019-03-14 16:24:59.331 [main] INFO  o.s.web.servlet.handler.SimpleUrlHandlerMapping - Mapped URL path [/webjars/**] onto handler of type [class org.springframework.web.servlet.resource.ResourceHttpRequestHandler]
2019-03-14 16:24:59.332 [main] INFO  o.s.web.servlet.handler.SimpleUrlHandlerMapping - Mapped URL path [/**] onto handler of type [class org.springframework.web.servlet.resource.ResourceHttpRequestHandler]
2019-03-14 16:24:59.373 [main] INFO  o.s.web.servlet.handler.SimpleUrlHandlerMapping - Mapped URL path [/**/favicon.ico] onto handler of type [class org.springframework.web.servlet.resource.ResourceHttpRequestHandler]
2019-03-14 16:24:59.699 [main] INFO  o.s.b.actuate.endpoint.mvc.EndpointHandlerMapping - Mapped "{[/health/readiness || /health/readiness.json],produces=[application/json]}" onto public java.lang.Object com.alipay.sofa.healthcheck.service.SofaBootReadinessCheckMvcEndpoint.invoke(java.security.Principal)
2019-03-14 16:24:59.699 [main] INFO  o.s.b.actuate.endpoint.mvc.EndpointHandlerMapping - Mapped "{[/sofaboot/versions || /sofaboot/versions.json],produces=[application/json]}" onto public java.lang.Object com.alipay.sofa.infra.endpoint.SofaBootVersionEndpointMvcAdapter.invoke()
2019-03-14 16:24:59.700 [main] INFO  o.s.b.actuate.endpoint.mvc.EndpointHandlerMapping - Mapped "{[/health || /health.json],produces=[application/json]}" onto public java.lang.Object org.springframework.boot.actuate.endpoint.mvc.HealthMvcEndpoint.invoke(java.security.Principal)
2019-03-14 16:24:59.914 [main] INFO  com.alipay.sofa.common.log - Sofa-Middleware-Log SLF4J : Actual binding is of type [ com.alipay.remoting Logback ]
2019-03-14 16:25:00.915 [main] INFO  com.dodolu.sofacore.test.usercases.BeanTest - Started BeanTest in 4.785 seconds (JVM running for 5.523)
2019-03-14 16:25:00.939 [Thread-2] INFO  o.s.w.context.support.GenericWebApplicationContext - Closing org.springframework.web.context.support.GenericWebApplicationContext@10289886: startup date [Thu Mar 14 16:24:57 CST 2019]; root of context hierarchy
