2019-03-14 16:23:33,947 INFO  main                             - 
Found 1 SOFABoot component health checkers:
class com.alipay.sofa.runtime.spring.health.ComponentHealthChecker
Found 1 HealthIndicator checkers:
class org.springframework.boot.actuate.health.DiskSpaceHealthIndicator

2019-03-14 16:23:33,951 INFO  main                             - Begin first phase of the readiness check
2019-03-14 16:23:33,951 INFO  main                             - Begin SpringContext readiness check.
2019-03-14 16:23:33,951 INFO  main                             - SpringContext readiness check result: success.
2019-03-14 16:23:33,951 INFO  main                             - Begin SOFABoot component readiness check.
2019-03-14 16:23:33,952 INFO  main                             - component readiness check success. component name[RUNTIME-COMPONENT]; no retry.
2019-03-14 16:23:33,952 INFO  main                             - SOFABoot component readiness check result: success.
2019-03-14 16:23:33,952 INFO  main                             - Begin HealthIndicator readiness check.
2019-03-14 16:23:33,954 INFO  main                             - HealthIndicator (class org.springframework.boot.actuate.health.DiskSpaceHealthIndicator)check success.
2019-03-14 16:23:33,954 INFO  main                             - Readiness check HealthIndicator result: success.
2019-03-14 16:23:33,954 INFO  main                             - first phase of the readiness check result: success
2019-03-14 16:23:33,954 INFO  main                             - Begin second phase of the readiness check
2019-03-14 16:23:33,954 INFO  main                             - Begin SofaBootMiddlewareAfterReadinessCheckCallback readiness check
2019-03-14 16:23:33,955 INFO  main                             - SofaBootMiddlewareAfterReadinessCheckCallback readiness check result: success.
2019-03-14 16:23:33,955 INFO  main                             - Begin SofaBootAfterReadinessCheckCallback readiness check
2019-03-14 16:24:59,899 INFO  main                             - 
Found 1 SOFABoot component health checkers:
class com.alipay.sofa.runtime.spring.health.ComponentHealthChecker
Found 1 HealthIndicator checkers:
class org.springframework.boot.actuate.health.DiskSpaceHealthIndicator

2019-03-14 16:24:59,902 INFO  main                             - Begin first phase of the readiness check
2019-03-14 16:24:59,902 INFO  main                             - Begin SpringContext readiness check.
2019-03-14 16:24:59,902 INFO  main                             - SpringContext readiness check result: success.
2019-03-14 16:24:59,902 INFO  main                             - Begin SOFABoot component readiness check.
2019-03-14 16:24:59,903 INFO  main                             - component readiness check success. component name[RUNTIME-COMPONENT]; no retry.
2019-03-14 16:24:59,903 INFO  main                             - SOFABoot component readiness check result: success.
2019-03-14 16:24:59,903 INFO  main                             - Begin HealthIndicator readiness check.
2019-03-14 16:24:59,904 INFO  main                             - HealthIndicator (class org.springframework.boot.actuate.health.DiskSpaceHealthIndicator)check success.
2019-03-14 16:24:59,905 INFO  main                             - Readiness check HealthIndicator result: success.
2019-03-14 16:24:59,905 INFO  main                             - first phase of the readiness check result: success
2019-03-14 16:24:59,905 INFO  main                             - Begin second phase of the readiness check
2019-03-14 16:24:59,905 INFO  main                             - Begin SofaBootMiddlewareAfterReadinessCheckCallback readiness check
2019-03-14 16:24:59,905 INFO  main                             - SofaBootMiddlewareAfterReadinessCheckCallback readiness check result: success.
2019-03-14 16:24:59,906 INFO  main                             - Begin SofaBootAfterReadinessCheckCallback readiness check
