2019-03-14 16:23:31,215 INFO  main                             - sofa rpc run_mode = NORMAL by default
2019-03-14 16:23:31,217 INFO  main                             - PID:3972 sofa rpc starting!
2019-03-14 16:23:32,606 INFO  main                             - Welcome! Loading SOFA RPC Framework : 5.3.3_20180530221429, PID is:3972
2019-03-14 16:23:32,614 WARN  main                             - Failed to load extension of extensible com.alipay.sofa.rpc.module.Module from classloader: sun.misc.Launcher$AppClassLoader@18b4aac2 and file:jar:file:/E:/develop/localRepository/com/alipay/sofa/sofa-rpc-enterprise-all/5.3.4/sofa-rpc-enterprise-all-5.3.4.jar!/META-INF/services/sofa-rpc/com.alipay.sofa.rpc.module.Module
java.lang.IllegalStateException: Error when load extension of extensible interface com.alipay.sofa.rpc.module.Module from file:jar:file:/E:/develop/localRepository/com/alipay/sofa/sofa-rpc-enterprise-all/5.3.4/sofa-rpc-enterprise-all-5.3.4.jar!/META-INF/services/sofa-rpc/com.alipay.sofa.rpc.module.Module, Duplicate class with same alias: sofaTracer, class com.alipay.sofa.rpc.module.SofaTracerModule and class com.alipay.sofa.rpc.module.SofaTracerModule
	at com.alipay.sofa.rpc.ext.ExtensionLoader.readLine(ExtensionLoader.java:289)
	at com.alipay.sofa.rpc.ext.ExtensionLoader.loadFromClassLoader(ExtensionLoader.java:183)
	at com.alipay.sofa.rpc.ext.ExtensionLoader.loadFromFile(ExtensionLoader.java:157)
	at com.alipay.sofa.rpc.ext.ExtensionLoader.<init>(ExtensionLoader.java:140)
	at com.alipay.sofa.rpc.ext.ExtensionLoader.<init>(ExtensionLoader.java:90)
	at com.alipay.sofa.rpc.ext.ExtensionLoaderFactory.getExtensionLoader(ExtensionLoaderFactory.java:47)
	at com.alipay.sofa.rpc.ext.ExtensionLoaderFactory.getExtensionLoader(ExtensionLoaderFactory.java:63)
	at com.alipay.sofa.rpc.module.ModuleFactory.installModules(ModuleFactory.java:77)
	at com.alipay.sofa.rpc.context.RpcRuntimeContext.<clinit>(RpcRuntimeContext.java:97)
	at com.alipay.sofa.rpc.config.AbstractIdConfig.<clinit>(AbstractIdConfig.java:40)
	at com.alipay.boot.sofarpc.adapter.TrBindingAdapter.createProviderConfig(TrBindingAdapter.java:318)
	at com.alipay.boot.sofarpc.adapter.TrBindingAdapter.preOutBinding(TrBindingAdapter.java:68)
	at com.alipay.boot.sofarpc.adapter.TrBindingAdapter.preOutBinding(TrBindingAdapter.java:60)
	at com.alipay.sofa.runtime.service.component.ServiceComponent.resolveBinding(ServiceComponent.java:108)
	at com.alipay.sofa.runtime.service.component.ServiceComponent.resolve(ServiceComponent.java:78)
	at com.alipay.sofa.runtime.component.impl.ComponentManagerImpl._register(ComponentManagerImpl.java:150)
	at com.alipay.sofa.runtime.component.impl.ComponentManagerImpl.register(ComponentManagerImpl.java:116)
	at com.alipay.sofa.runtime.spring.factory.ServiceFactoryBean.doAfterPropertiesSet(ServiceFactoryBean.java:57)
	at com.alipay.sofa.runtime.spring.factory.AbstractContractFactoryBean.afterPropertiesSet(AbstractContractFactoryBean.java:86)
	at org.springframework.beans.factory.support.AbstractAutowireCapableBeanFactory.invokeInitMethods(AbstractAutowireCapableBeanFactory.java:1642)
	at org.springframework.beans.factory.support.AbstractAutowireCapableBeanFactory.initializeBean(AbstractAutowireCapableBeanFactory.java:1579)
	at org.springframework.beans.factory.support.AbstractAutowireCapableBeanFactory.doCreateBean(AbstractAutowireCapableBeanFactory.java:553)
	at org.springframework.beans.factory.support.AbstractAutowireCapableBeanFactory.createBean(AbstractAutowireCapableBeanFactory.java:482)
	at org.springframework.beans.factory.support.AbstractBeanFactory$1.getObject(AbstractBeanFactory.java:306)
	at org.springframework.beans.factory.support.DefaultSingletonBeanRegistry.getSingleton(DefaultSingletonBeanRegistry.java:230)
	at org.springframework.beans.factory.support.AbstractBeanFactory.doGetBean(AbstractBeanFactory.java:302)
	at org.springframework.beans.factory.support.AbstractBeanFactory.getBean(AbstractBeanFactory.java:197)
	at org.springframework.beans.factory.support.DefaultListableBeanFactory.preInstantiateSingletons(DefaultListableBeanFactory.java:735)
	at org.springframework.context.support.AbstractApplicationContext.finishBeanFactoryInitialization(AbstractApplicationContext.java:866)
	at org.springframework.context.support.AbstractApplicationContext.refresh(AbstractApplicationContext.java:542)
	at org.springframework.boot.SpringApplication.refresh(SpringApplication.java:761)
	at org.springframework.boot.SpringApplication.refreshContext(SpringApplication.java:371)
	at org.springframework.boot.SpringApplication.run(SpringApplication.java:315)
	at org.springframework.boot.test.context.SpringBootContextLoader.loadContext(SpringBootContextLoader.java:111)
	at org.springframework.test.context.cache.DefaultCacheAwareContextLoaderDelegate.loadContextInternal(DefaultCacheAwareContextLoaderDelegate.java:98)
	at org.springframework.test.context.cache.DefaultCacheAwareContextLoaderDelegate.loadContext(DefaultCacheAwareContextLoaderDelegate.java:116)
	at org.springframework.test.context.support.DefaultTestContext.getApplicationContext(DefaultTestContext.java:83)
	at org.springframework.test.context.web.ServletTestExecutionListener.setUpRequestContextIfNecessary(ServletTestExecutionListener.java:189)
	at org.springframework.test.context.web.ServletTestExecutionListener.prepareTestInstance(ServletTestExecutionListener.java:131)
	at org.springframework.test.context.TestContextManager.prepareTestInstance(TestContextManager.java:230)
	at org.springframework.test.context.junit4.SpringJUnit4ClassRunner.createTest(SpringJUnit4ClassRunner.java:228)
	at org.springframework.test.context.junit4.SpringJUnit4ClassRunner$1.runReflectiveCall(SpringJUnit4ClassRunner.java:287)
	at org.junit.internal.runners.model.ReflectiveCallable.run(ReflectiveCallable.java:12)
	at org.springframework.test.context.junit4.SpringJUnit4ClassRunner.methodBlock(SpringJUnit4ClassRunner.java:289)
	at org.springframework.test.context.junit4.SpringJUnit4ClassRunner.runChild(SpringJUnit4ClassRunner.java:247)
	at org.springframework.test.context.junit4.SpringJUnit4ClassRunner.runChild(SpringJUnit4ClassRunner.java:94)
	at org.junit.runners.ParentRunner$3.run(ParentRunner.java:290)
	at org.junit.runners.ParentRunner$1.schedule(ParentRunner.java:71)
	at org.junit.runners.ParentRunner.runChildren(ParentRunner.java:288)
	at org.junit.runners.ParentRunner.access$000(ParentRunner.java:58)
	at org.junit.runners.ParentRunner$2.evaluate(ParentRunner.java:268)
	at org.springframework.test.context.junit4.statements.RunBeforeTestClassCallbacks.evaluate(RunBeforeTestClassCallbacks.java:61)
	at org.springframework.test.context.junit4.statements.RunAfterTestClassCallbacks.evaluate(RunAfterTestClassCallbacks.java:70)
	at org.junit.runners.ParentRunner.run(ParentRunner.java:363)
	at org.springframework.test.context.junit4.SpringJUnit4ClassRunner.run(SpringJUnit4ClassRunner.java:191)
	at org.junit.runner.JUnitCore.run(JUnitCore.java:137)
	at com.intellij.junit4.JUnit4IdeaTestRunner.startRunnerWithArgs(JUnit4IdeaTestRunner.java:68)
	at com.intellij.rt.execution.junit.IdeaTestRunner$Repeater.startRunnerWithArgs(IdeaTestRunner.java:47)
	at com.intellij.rt.execution.junit.JUnitStarter.prepareStreamsAndStart(JUnitStarter.java:242)
	at com.intellij.rt.execution.junit.JUnitStarter.main(JUnitStarter.java:70)
2019-03-14 16:23:32,620 INFO  main                             - Install Module: fault-tolerance
2019-03-14 16:23:32,632 INFO  main                             - Install Module: sofaTracer-resteasy
2019-03-14 16:23:32,634 WARN  main                             - Failed to load extension of extensible com.alipay.sofa.rpc.tracer.Tracer from classloader: sun.misc.Launcher$AppClassLoader@18b4aac2 and file:jar:file:/E:/develop/localRepository/com/alipay/sofa/sofa-rpc-enterprise-all/5.3.4/sofa-rpc-enterprise-all-5.3.4.jar!/META-INF/services/sofa-rpc/com.alipay.sofa.rpc.tracer.Tracer
java.lang.IllegalStateException: Error when load extension of extensible class com.alipay.sofa.rpc.tracer.Tracer from file:jar:file:/E:/develop/localRepository/com/alipay/sofa/sofa-rpc-enterprise-all/5.3.4/sofa-rpc-enterprise-all-5.3.4.jar!/META-INF/services/sofa-rpc/com.alipay.sofa.rpc.tracer.Tracer, Duplicate class with same alias: sofaTracer, class com.alipay.sofa.rpc.tracer.SofaTracer and class com.alipay.sofa.rpc.tracer.SofaTracer
	at com.alipay.sofa.rpc.ext.ExtensionLoader.readLine(ExtensionLoader.java:289)
	at com.alipay.sofa.rpc.ext.ExtensionLoader.loadFromClassLoader(ExtensionLoader.java:183)
	at com.alipay.sofa.rpc.ext.ExtensionLoader.loadFromFile(ExtensionLoader.java:157)
	at com.alipay.sofa.rpc.ext.ExtensionLoader.<init>(ExtensionLoader.java:140)
	at com.alipay.sofa.rpc.ext.ExtensionLoader.<init>(ExtensionLoader.java:90)
	at com.alipay.sofa.rpc.ext.ExtensionLoaderFactory.getExtensionLoader(ExtensionLoaderFactory.java:47)
	at com.alipay.sofa.rpc.ext.ExtensionLoaderFactory.getExtensionLoader(ExtensionLoaderFactory.java:63)
	at com.alipay.sofa.rpc.tracer.TracerFactory.getTracer(TracerFactory.java:38)
	at com.alipay.sofa.rpc.module.RestTracerModule.install(RestTracerModule.java:85)
	at com.alipay.sofa.rpc.module.ModuleFactory.installModules(ModuleFactory.java:89)
	at com.alipay.sofa.rpc.context.RpcRuntimeContext.<clinit>(RpcRuntimeContext.java:97)
	at com.alipay.sofa.rpc.config.AbstractIdConfig.<clinit>(AbstractIdConfig.java:40)
	at com.alipay.boot.sofarpc.adapter.TrBindingAdapter.createProviderConfig(TrBindingAdapter.java:318)
	at com.alipay.boot.sofarpc.adapter.TrBindingAdapter.preOutBinding(TrBindingAdapter.java:68)
	at com.alipay.boot.sofarpc.adapter.TrBindingAdapter.preOutBinding(TrBindingAdapter.java:60)
	at com.alipay.sofa.runtime.service.component.ServiceComponent.resolveBinding(ServiceComponent.java:108)
	at com.alipay.sofa.runtime.service.component.ServiceComponent.resolve(ServiceComponent.java:78)
	at com.alipay.sofa.runtime.component.impl.ComponentManagerImpl._register(ComponentManagerImpl.java:150)
	at com.alipay.sofa.runtime.component.impl.ComponentManagerImpl.register(ComponentManagerImpl.java:116)
	at com.alipay.sofa.runtime.spring.factory.ServiceFactoryBean.doAfterPropertiesSet(ServiceFactoryBean.java:57)
	at com.alipay.sofa.runtime.spring.factory.AbstractContractFactoryBean.afterPropertiesSet(AbstractContractFactoryBean.java:86)
	at org.springframework.beans.factory.support.AbstractAutowireCapableBeanFactory.invokeInitMethods(AbstractAutowireCapableBeanFactory.java:1642)
	at org.springframework.beans.factory.support.AbstractAutowireCapableBeanFactory.initializeBean(AbstractAutowireCapableBeanFactory.java:1579)
	at org.springframework.beans.factory.support.AbstractAutowireCapableBeanFactory.doCreateBean(AbstractAutowireCapableBeanFactory.java:553)
	at org.springframework.beans.factory.support.AbstractAutowireCapableBeanFactory.createBean(AbstractAutowireCapableBeanFactory.java:482)
	at org.springframework.beans.factory.support.AbstractBeanFactory$1.getObject(AbstractBeanFactory.java:306)
	at org.springframework.beans.factory.support.DefaultSingletonBeanRegistry.getSingleton(DefaultSingletonBeanRegistry.java:230)
	at org.springframework.beans.factory.support.AbstractBeanFactory.doGetBean(AbstractBeanFactory.java:302)
	at org.springframework.beans.factory.support.AbstractBeanFactory.getBean(AbstractBeanFactory.java:197)
	at org.springframework.beans.factory.support.DefaultListableBeanFactory.preInstantiateSingletons(DefaultListableBeanFactory.java:735)
	at org.springframework.context.support.AbstractApplicationContext.finishBeanFactoryInitialization(AbstractApplicationContext.java:866)
	at org.springframework.context.support.AbstractApplicationContext.refresh(AbstractApplicationContext.java:542)
	at org.springframework.boot.SpringApplication.refresh(SpringApplication.java:761)
	at org.springframework.boot.SpringApplication.refreshContext(SpringApplication.java:371)
	at org.springframework.boot.SpringApplication.run(SpringApplication.java:315)
	at org.springframework.boot.test.context.SpringBootContextLoader.loadContext(SpringBootContextLoader.java:111)
	at org.springframework.test.context.cache.DefaultCacheAwareContextLoaderDelegate.loadContextInternal(DefaultCacheAwareContextLoaderDelegate.java:98)
	at org.springframework.test.context.cache.DefaultCacheAwareContextLoaderDelegate.loadContext(DefaultCacheAwareContextLoaderDelegate.java:116)
	at org.springframework.test.context.support.DefaultTestContext.getApplicationContext(DefaultTestContext.java:83)
	at org.springframework.test.context.web.ServletTestExecutionListener.setUpRequestContextIfNecessary(ServletTestExecutionListener.java:189)
	at org.springframework.test.context.web.ServletTestExecutionListener.prepareTestInstance(ServletTestExecutionListener.java:131)
	at org.springframework.test.context.TestContextManager.prepareTestInstance(TestContextManager.java:230)
	at org.springframework.test.context.junit4.SpringJUnit4ClassRunner.createTest(SpringJUnit4ClassRunner.java:228)
	at org.springframework.test.context.junit4.SpringJUnit4ClassRunner$1.runReflectiveCall(SpringJUnit4ClassRunner.java:287)
	at org.junit.internal.runners.model.ReflectiveCallable.run(ReflectiveCallable.java:12)
	at org.springframework.test.context.junit4.SpringJUnit4ClassRunner.methodBlock(SpringJUnit4ClassRunner.java:289)
	at org.springframework.test.context.junit4.SpringJUnit4ClassRunner.runChild(SpringJUnit4ClassRunner.java:247)
	at org.springframework.test.context.junit4.SpringJUnit4ClassRunner.runChild(SpringJUnit4ClassRunner.java:94)
	at org.junit.runners.ParentRunner$3.run(ParentRunner.java:290)
	at org.junit.runners.ParentRunner$1.schedule(ParentRunner.java:71)
	at org.junit.runners.ParentRunner.runChildren(ParentRunner.java:288)
	at org.junit.runners.ParentRunner.access$000(ParentRunner.java:58)
	at org.junit.runners.ParentRunner$2.evaluate(ParentRunner.java:268)
	at org.springframework.test.context.junit4.statements.RunBeforeTestClassCallbacks.evaluate(RunBeforeTestClassCallbacks.java:61)
	at org.springframework.test.context.junit4.statements.RunAfterTestClassCallbacks.evaluate(RunAfterTestClassCallbacks.java:70)
	at org.junit.runners.ParentRunner.run(ParentRunner.java:363)
	at org.springframework.test.context.junit4.SpringJUnit4ClassRunner.run(SpringJUnit4ClassRunner.java:191)
	at org.junit.runner.JUnitCore.run(JUnitCore.java:137)
	at com.intellij.junit4.JUnit4IdeaTestRunner.startRunnerWithArgs(JUnit4IdeaTestRunner.java:68)
	at com.intellij.rt.execution.junit.IdeaTestRunner$Repeater.startRunnerWithArgs(IdeaTestRunner.java:47)
	at com.intellij.rt.execution.junit.JUnitStarter.prepareStreamsAndStart(JUnitStarter.java:242)
	at com.intellij.rt.execution.junit.JUnitStarter.main(JUnitStarter.java:70)
2019-03-14 16:23:32,833 INFO  main                             - Install Module: sofaTracer
2019-03-14 16:23:32,836 INFO  main                             - the run.mode is NORMAL
2019-03-14 16:23:32,841 INFO  main                             - Export provider config : com.dodolu.sofacore.facade.SampleService: with bean id sampleService
2019-03-14 16:23:32,847 WARN  main                             - Failed to load extension of extensible com.alipay.sofa.rpc.filter.Filter from classloader: sun.misc.Launcher$AppClassLoader@18b4aac2 and file:jar:file:/E:/develop/localRepository/com/alipay/sofa/sofa-rpc-enterprise-all/5.3.4/sofa-rpc-enterprise-all-5.3.4.jar!/META-INF/services/sofa-rpc/com.alipay.sofa.rpc.filter.Filter
java.lang.IllegalStateException: Error when load extension of extensible class com.alipay.sofa.rpc.filter.Filter from file:jar:file:/E:/develop/localRepository/com/alipay/sofa/sofa-rpc-enterprise-all/5.3.4/sofa-rpc-enterprise-all-5.3.4.jar!/META-INF/services/sofa-rpc/com.alipay.sofa.rpc.filter.Filter, Duplicate class with same alias: consumerTracer, class com.alipay.sofa.rpc.filter.ConsumerTracerFilter and class com.alipay.sofa.rpc.filter.ConsumerTracerFilter
	at com.alipay.sofa.rpc.ext.ExtensionLoader.readLine(ExtensionLoader.java:289)
	at com.alipay.sofa.rpc.ext.ExtensionLoader.loadFromClassLoader(ExtensionLoader.java:183)
	at com.alipay.sofa.rpc.ext.ExtensionLoader.loadFromFile(ExtensionLoader.java:157)
	at com.alipay.sofa.rpc.ext.ExtensionLoader.<init>(ExtensionLoader.java:140)
	at com.alipay.sofa.rpc.ext.ExtensionLoader.<init>(ExtensionLoader.java:90)
	at com.alipay.sofa.rpc.ext.ExtensionLoaderFactory.getExtensionLoader(ExtensionLoaderFactory.java:47)
	at com.alipay.sofa.rpc.filter.FilterChain.buildLoader(FilterChain.java:74)
	at com.alipay.sofa.rpc.filter.FilterChain.<clinit>(FilterChain.java:71)
	at com.alipay.sofa.rpc.server.ProviderProxyInvoker.<init>(ProviderProxyInvoker.java:52)
	at com.alipay.sofa.rpc.bootstrap.DefaultProviderBootstrap.doExport(DefaultProviderBootstrap.java:139)
	at com.alipay.sofa.rpc.bootstrap.DefaultProviderBootstrap.export(DefaultProviderBootstrap.java:97)
	at com.alipay.sofa.rpc.config.ProviderConfig.export(ProviderConfig.java:525)
	at com.alipay.boot.sofarpc.adapter.TrBindingAdapter.outBinding(TrBindingAdapter.java:88)
	at com.alipay.boot.sofarpc.adapter.TrBindingAdapter.outBinding(TrBindingAdapter.java:60)
	at com.alipay.sofa.runtime.service.component.ServiceComponent.activateBinding(ServiceComponent.java:148)
	at com.alipay.sofa.runtime.service.component.ServiceComponent.activate(ServiceComponent.java:118)
	at com.alipay.sofa.runtime.component.impl.ComponentManagerImpl._register(ComponentManagerImpl.java:152)
	at com.alipay.sofa.runtime.component.impl.ComponentManagerImpl.register(ComponentManagerImpl.java:116)
	at com.alipay.sofa.runtime.spring.factory.ServiceFactoryBean.doAfterPropertiesSet(ServiceFactoryBean.java:57)
	at com.alipay.sofa.runtime.spring.factory.AbstractContractFactoryBean.afterPropertiesSet(AbstractContractFactoryBean.java:86)
	at org.springframework.beans.factory.support.AbstractAutowireCapableBeanFactory.invokeInitMethods(AbstractAutowireCapableBeanFactory.java:1642)
	at org.springframework.beans.factory.support.AbstractAutowireCapableBeanFactory.initializeBean(AbstractAutowireCapableBeanFactory.java:1579)
	at org.springframework.beans.factory.support.AbstractAutowireCapableBeanFactory.doCreateBean(AbstractAutowireCapableBeanFactory.java:553)
	at org.springframework.beans.factory.support.AbstractAutowireCapableBeanFactory.createBean(AbstractAutowireCapableBeanFactory.java:482)
	at org.springframework.beans.factory.support.AbstractBeanFactory$1.getObject(AbstractBeanFactory.java:306)
	at org.springframework.beans.factory.support.DefaultSingletonBeanRegistry.getSingleton(DefaultSingletonBeanRegistry.java:230)
	at org.springframework.beans.factory.support.AbstractBeanFactory.doGetBean(AbstractBeanFactory.java:302)
	at org.springframework.beans.factory.support.AbstractBeanFactory.getBean(AbstractBeanFactory.java:197)
	at org.springframework.beans.factory.support.DefaultListableBeanFactory.preInstantiateSingletons(DefaultListableBeanFactory.java:735)
	at org.springframework.context.support.AbstractApplicationContext.finishBeanFactoryInitialization(AbstractApplicationContext.java:866)
	at org.springframework.context.support.AbstractApplicationContext.refresh(AbstractApplicationContext.java:542)
	at org.springframework.boot.SpringApplication.refresh(SpringApplication.java:761)
	at org.springframework.boot.SpringApplication.refreshContext(SpringApplication.java:371)
	at org.springframework.boot.SpringApplication.run(SpringApplication.java:315)
	at org.springframework.boot.test.context.SpringBootContextLoader.loadContext(SpringBootContextLoader.java:111)
	at org.springframework.test.context.cache.DefaultCacheAwareContextLoaderDelegate.loadContextInternal(DefaultCacheAwareContextLoaderDelegate.java:98)
	at org.springframework.test.context.cache.DefaultCacheAwareContextLoaderDelegate.loadContext(DefaultCacheAwareContextLoaderDelegate.java:116)
	at org.springframework.test.context.support.DefaultTestContext.getApplicationContext(DefaultTestContext.java:83)
	at org.springframework.test.context.web.ServletTestExecutionListener.setUpRequestContextIfNecessary(ServletTestExecutionListener.java:189)
	at org.springframework.test.context.web.ServletTestExecutionListener.prepareTestInstance(ServletTestExecutionListener.java:131)
	at org.springframework.test.context.TestContextManager.prepareTestInstance(TestContextManager.java:230)
	at org.springframework.test.context.junit4.SpringJUnit4ClassRunner.createTest(SpringJUnit4ClassRunner.java:228)
	at org.springframework.test.context.junit4.SpringJUnit4ClassRunner$1.runReflectiveCall(SpringJUnit4ClassRunner.java:287)
	at org.junit.internal.runners.model.ReflectiveCallable.run(ReflectiveCallable.java:12)
	at org.springframework.test.context.junit4.SpringJUnit4ClassRunner.methodBlock(SpringJUnit4ClassRunner.java:289)
	at org.springframework.test.context.junit4.SpringJUnit4ClassRunner.runChild(SpringJUnit4ClassRunner.java:247)
	at org.springframework.test.context.junit4.SpringJUnit4ClassRunner.runChild(SpringJUnit4ClassRunner.java:94)
	at org.junit.runners.ParentRunner$3.run(ParentRunner.java:290)
	at org.junit.runners.ParentRunner$1.schedule(ParentRunner.java:71)
	at org.junit.runners.ParentRunner.runChildren(ParentRunner.java:288)
	at org.junit.runners.ParentRunner.access$000(ParentRunner.java:58)
	at org.junit.runners.ParentRunner$2.evaluate(ParentRunner.java:268)
	at org.springframework.test.context.junit4.statements.RunBeforeTestClassCallbacks.evaluate(RunBeforeTestClassCallbacks.java:61)
	at org.springframework.test.context.junit4.statements.RunAfterTestClassCallbacks.evaluate(RunAfterTestClassCallbacks.java:70)
	at org.junit.runners.ParentRunner.run(ParentRunner.java:363)
	at org.springframework.test.context.junit4.SpringJUnit4ClassRunner.run(SpringJUnit4ClassRunner.java:191)
	at org.junit.runner.JUnitCore.run(JUnitCore.java:137)
	at com.intellij.junit4.JUnit4IdeaTestRunner.startRunnerWithArgs(JUnit4IdeaTestRunner.java:68)
	at com.intellij.rt.execution.junit.IdeaTestRunner$Repeater.startRunnerWithArgs(IdeaTestRunner.java:47)
	at com.intellij.rt.execution.junit.JUnitStarter.prepareStreamsAndStart(JUnitStarter.java:242)
	at com.intellij.rt.execution.junit.JUnitStarter.main(JUnitStarter.java:70)
2019-03-14 16:23:34,903 ERROR main                             - health check callback errr
com.alipay.sofa.rpc.core.exception.SofaRpcRuntimeException: Failed to start bolt server, see more detail from bolt log.
	at com.alipay.sofa.rpc.server.bolt.BoltServer.start(BoltServer.java:111)
	at com.alipay.boot.sofarpc.spring.listener.Slite2RPCStartedListener.onApplicationEvent(Slite2RPCStartedListener.java:51)
	at com.alipay.boot.sofarpc.spring.listener.Slite2RPCStartedListener.onApplicationEvent(Slite2RPCStartedListener.java:41)
	at org.springframework.context.event.SimpleApplicationEventMulticaster.invokeListener(SimpleApplicationEventMulticaster.java:166)
	at org.springframework.context.event.SimpleApplicationEventMulticaster.multicastEvent(SimpleApplicationEventMulticaster.java:138)
	at org.springframework.context.support.AbstractApplicationContext.publishEvent(AbstractApplicationContext.java:383)
	at org.springframework.context.support.AbstractApplicationContext.publishEvent(AbstractApplicationContext.java:337)
	at com.alipay.boot.sofarpc.spring.health.RpcAfterHealthCheckCallback.onHealthy(RpcAfterHealthCheckCallback.java:48)
	at com.alipay.sofa.healthcheck.core.AfterHealthCheckCallbackProcessor.doApplicationAfterHealthCheckCallback(AfterHealthCheckCallbackProcessor.java:122)
	at com.alipay.sofa.healthcheck.core.AfterHealthCheckCallbackProcessor.checkAfterHealthCheckCallback(AfterHealthCheckCallbackProcessor.java:45)
	at com.alipay.sofa.healthcheck.startup.ReadinessCheckProcessor.operationHealthCheckProcess(ReadinessCheckProcessor.java:134)
	at com.alipay.sofa.healthcheck.startup.ReadinessCheckProcessor.checkHealth(ReadinessCheckProcessor.java:57)
	at com.alipay.sofa.healthcheck.startup.HealthCheckTrigger.onApplicationEvent(HealthCheckTrigger.java:47)
	at com.alipay.sofa.healthcheck.startup.HealthCheckTrigger.onApplicationEvent(HealthCheckTrigger.java:34)
	at org.springframework.context.event.SimpleApplicationEventMulticaster.invokeListener(SimpleApplicationEventMulticaster.java:166)
	at org.springframework.context.event.SimpleApplicationEventMulticaster.multicastEvent(SimpleApplicationEventMulticaster.java:138)
	at org.springframework.context.support.AbstractApplicationContext.publishEvent(AbstractApplicationContext.java:383)
	at org.springframework.context.support.AbstractApplicationContext.publishEvent(AbstractApplicationContext.java:337)
	at org.springframework.context.support.AbstractApplicationContext.finishRefresh(AbstractApplicationContext.java:882)
	at org.springframework.context.support.AbstractApplicationContext.refresh(AbstractApplicationContext.java:545)
	at org.springframework.boot.SpringApplication.refresh(SpringApplication.java:761)
	at org.springframework.boot.SpringApplication.refreshContext(SpringApplication.java:371)
	at org.springframework.boot.SpringApplication.run(SpringApplication.java:315)
	at org.springframework.boot.test.context.SpringBootContextLoader.loadContext(SpringBootContextLoader.java:111)
	at org.springframework.test.context.cache.DefaultCacheAwareContextLoaderDelegate.loadContextInternal(DefaultCacheAwareContextLoaderDelegate.java:98)
	at org.springframework.test.context.cache.DefaultCacheAwareContextLoaderDelegate.loadContext(DefaultCacheAwareContextLoaderDelegate.java:116)
	at org.springframework.test.context.support.DefaultTestContext.getApplicationContext(DefaultTestContext.java:83)
	at org.springframework.test.context.web.ServletTestExecutionListener.setUpRequestContextIfNecessary(ServletTestExecutionListener.java:189)
	at org.springframework.test.context.web.ServletTestExecutionListener.prepareTestInstance(ServletTestExecutionListener.java:131)
	at org.springframework.test.context.TestContextManager.prepareTestInstance(TestContextManager.java:230)
	at org.springframework.test.context.junit4.SpringJUnit4ClassRunner.createTest(SpringJUnit4ClassRunner.java:228)
	at org.springframework.test.context.junit4.SpringJUnit4ClassRunner$1.runReflectiveCall(SpringJUnit4ClassRunner.java:287)
	at org.junit.internal.runners.model.ReflectiveCallable.run(ReflectiveCallable.java:12)
	at org.springframework.test.context.junit4.SpringJUnit4ClassRunner.methodBlock(SpringJUnit4ClassRunner.java:289)
	at org.springframework.test.context.junit4.SpringJUnit4ClassRunner.runChild(SpringJUnit4ClassRunner.java:247)
	at org.springframework.test.context.junit4.SpringJUnit4ClassRunner.runChild(SpringJUnit4ClassRunner.java:94)
	at org.junit.runners.ParentRunner$3.run(ParentRunner.java:290)
	at org.junit.runners.ParentRunner$1.schedule(ParentRunner.java:71)
	at org.junit.runners.ParentRunner.runChildren(ParentRunner.java:288)
	at org.junit.runners.ParentRunner.access$000(ParentRunner.java:58)
	at org.junit.runners.ParentRunner$2.evaluate(ParentRunner.java:268)
	at org.springframework.test.context.junit4.statements.RunBeforeTestClassCallbacks.evaluate(RunBeforeTestClassCallbacks.java:61)
	at org.springframework.test.context.junit4.statements.RunAfterTestClassCallbacks.evaluate(RunAfterTestClassCallbacks.java:70)
	at org.junit.runners.ParentRunner.run(ParentRunner.java:363)
	at org.springframework.test.context.junit4.SpringJUnit4ClassRunner.run(SpringJUnit4ClassRunner.java:191)
	at org.junit.runner.JUnitCore.run(JUnitCore.java:137)
	at com.intellij.junit4.JUnit4IdeaTestRunner.startRunnerWithArgs(JUnit4IdeaTestRunner.java:68)
	at com.intellij.rt.execution.junit.IdeaTestRunner$Repeater.startRunnerWithArgs(IdeaTestRunner.java:47)
	at com.intellij.rt.execution.junit.JUnitStarter.prepareStreamsAndStart(JUnitStarter.java:242)
	at com.intellij.rt.execution.junit.JUnitStarter.main(JUnitStarter.java:70)
2019-03-14 16:23:34,978 WARN  SOFA-RPC-ShutdownHook            - SOFA RPC Framework catch JVM shutdown event, Run shutdown hook now.
2019-03-14 16:23:34,979 INFO  Thread-2                         - Unexport provider config : com.dodolu.sofacore.facade.SampleService: with bean id sampleService
2019-03-14 16:23:34,982 INFO  SOFA-RPC-ShutdownHook            - Uninstall Module: fault-tolerance
2019-03-14 16:23:34,982 INFO  SOFA-RPC-ShutdownHook            - Uninstall Module: sofaTracer-resteasy
2019-03-14 16:23:34,982 INFO  SOFA-RPC-ShutdownHook            - Uninstall Module: sofaTracer
2019-03-14 16:23:34,982 WARN  SOFA-RPC-ShutdownHook            - SOFA RPC Framework has been release all resources ...
2019-03-14 16:24:57,104 INFO  main                             - sofa rpc run_mode = NORMAL by default
2019-03-14 16:24:57,107 INFO  main                             - PID:12412 sofa rpc starting!
2019-03-14 16:24:58,512 INFO  main                             - Welcome! Loading SOFA RPC Framework : 5.3.3_20180530221429, PID is:12412
2019-03-14 16:24:58,521 WARN  main                             - Failed to load extension of extensible com.alipay.sofa.rpc.module.Module from classloader: sun.misc.Launcher$AppClassLoader@18b4aac2 and file:jar:file:/E:/develop/localRepository/com/alipay/sofa/sofa-rpc-enterprise-all/5.3.4/sofa-rpc-enterprise-all-5.3.4.jar!/META-INF/services/sofa-rpc/com.alipay.sofa.rpc.module.Module
java.lang.IllegalStateException: Error when load extension of extensible interface com.alipay.sofa.rpc.module.Module from file:jar:file:/E:/develop/localRepository/com/alipay/sofa/sofa-rpc-enterprise-all/5.3.4/sofa-rpc-enterprise-all-5.3.4.jar!/META-INF/services/sofa-rpc/com.alipay.sofa.rpc.module.Module, Duplicate class with same alias: sofaTracer, class com.alipay.sofa.rpc.module.SofaTracerModule and class com.alipay.sofa.rpc.module.SofaTracerModule
	at com.alipay.sofa.rpc.ext.ExtensionLoader.readLine(ExtensionLoader.java:289)
	at com.alipay.sofa.rpc.ext.ExtensionLoader.loadFromClassLoader(ExtensionLoader.java:183)
	at com.alipay.sofa.rpc.ext.ExtensionLoader.loadFromFile(ExtensionLoader.java:157)
	at com.alipay.sofa.rpc.ext.ExtensionLoader.<init>(ExtensionLoader.java:140)
	at com.alipay.sofa.rpc.ext.ExtensionLoader.<init>(ExtensionLoader.java:90)
	at com.alipay.sofa.rpc.ext.ExtensionLoaderFactory.getExtensionLoader(ExtensionLoaderFactory.java:47)
	at com.alipay.sofa.rpc.ext.ExtensionLoaderFactory.getExtensionLoader(ExtensionLoaderFactory.java:63)
	at com.alipay.sofa.rpc.module.ModuleFactory.installModules(ModuleFactory.java:77)
	at com.alipay.sofa.rpc.context.RpcRuntimeContext.<clinit>(RpcRuntimeContext.java:97)
	at com.alipay.sofa.rpc.config.AbstractIdConfig.<clinit>(AbstractIdConfig.java:40)
	at com.alipay.boot.sofarpc.adapter.TrBindingAdapter.createProviderConfig(TrBindingAdapter.java:318)
	at com.alipay.boot.sofarpc.adapter.TrBindingAdapter.preOutBinding(TrBindingAdapter.java:68)
	at com.alipay.boot.sofarpc.adapter.TrBindingAdapter.preOutBinding(TrBindingAdapter.java:60)
	at com.alipay.sofa.runtime.service.component.ServiceComponent.resolveBinding(ServiceComponent.java:108)
	at com.alipay.sofa.runtime.service.component.ServiceComponent.resolve(ServiceComponent.java:78)
	at com.alipay.sofa.runtime.component.impl.ComponentManagerImpl._register(ComponentManagerImpl.java:150)
	at com.alipay.sofa.runtime.component.impl.ComponentManagerImpl.register(ComponentManagerImpl.java:116)
	at com.alipay.sofa.runtime.spring.factory.ServiceFactoryBean.doAfterPropertiesSet(ServiceFactoryBean.java:57)
	at com.alipay.sofa.runtime.spring.factory.AbstractContractFactoryBean.afterPropertiesSet(AbstractContractFactoryBean.java:86)
	at org.springframework.beans.factory.support.AbstractAutowireCapableBeanFactory.invokeInitMethods(AbstractAutowireCapableBeanFactory.java:1642)
	at org.springframework.beans.factory.support.AbstractAutowireCapableBeanFactory.initializeBean(AbstractAutowireCapableBeanFactory.java:1579)
	at org.springframework.beans.factory.support.AbstractAutowireCapableBeanFactory.doCreateBean(AbstractAutowireCapableBeanFactory.java:553)
	at org.springframework.beans.factory.support.AbstractAutowireCapableBeanFactory.createBean(AbstractAutowireCapableBeanFactory.java:482)
	at org.springframework.beans.factory.support.AbstractBeanFactory$1.getObject(AbstractBeanFactory.java:306)
	at org.springframework.beans.factory.support.DefaultSingletonBeanRegistry.getSingleton(DefaultSingletonBeanRegistry.java:230)
	at org.springframework.beans.factory.support.AbstractBeanFactory.doGetBean(AbstractBeanFactory.java:302)
	at org.springframework.beans.factory.support.AbstractBeanFactory.getBean(AbstractBeanFactory.java:197)
	at org.springframework.beans.factory.support.DefaultListableBeanFactory.preInstantiateSingletons(DefaultListableBeanFactory.java:735)
	at org.springframework.context.support.AbstractApplicationContext.finishBeanFactoryInitialization(AbstractApplicationContext.java:866)
	at org.springframework.context.support.AbstractApplicationContext.refresh(AbstractApplicationContext.java:542)
	at org.springframework.boot.SpringApplication.refresh(SpringApplication.java:761)
	at org.springframework.boot.SpringApplication.refreshContext(SpringApplication.java:371)
	at org.springframework.boot.SpringApplication.run(SpringApplication.java:315)
	at org.springframework.boot.test.context.SpringBootContextLoader.loadContext(SpringBootContextLoader.java:111)
	at org.springframework.test.context.cache.DefaultCacheAwareContextLoaderDelegate.loadContextInternal(DefaultCacheAwareContextLoaderDelegate.java:98)
	at org.springframework.test.context.cache.DefaultCacheAwareContextLoaderDelegate.loadContext(DefaultCacheAwareContextLoaderDelegate.java:116)
	at org.springframework.test.context.support.DefaultTestContext.getApplicationContext(DefaultTestContext.java:83)
	at org.springframework.test.context.web.ServletTestExecutionListener.setUpRequestContextIfNecessary(ServletTestExecutionListener.java:189)
	at org.springframework.test.context.web.ServletTestExecutionListener.prepareTestInstance(ServletTestExecutionListener.java:131)
	at org.springframework.test.context.TestContextManager.prepareTestInstance(TestContextManager.java:230)
	at org.springframework.test.context.junit4.SpringJUnit4ClassRunner.createTest(SpringJUnit4ClassRunner.java:228)
	at org.springframework.test.context.junit4.SpringJUnit4ClassRunner$1.runReflectiveCall(SpringJUnit4ClassRunner.java:287)
	at org.junit.internal.runners.model.ReflectiveCallable.run(ReflectiveCallable.java:12)
	at org.springframework.test.context.junit4.SpringJUnit4ClassRunner.methodBlock(SpringJUnit4ClassRunner.java:289)
	at org.springframework.test.context.junit4.SpringJUnit4ClassRunner.runChild(SpringJUnit4ClassRunner.java:247)
	at org.springframework.test.context.junit4.SpringJUnit4ClassRunner.runChild(SpringJUnit4ClassRunner.java:94)
	at org.junit.runners.ParentRunner$3.run(ParentRunner.java:290)
	at org.junit.runners.ParentRunner$1.schedule(ParentRunner.java:71)
	at org.junit.runners.ParentRunner.runChildren(ParentRunner.java:288)
	at org.junit.runners.ParentRunner.access$000(ParentRunner.java:58)
	at org.junit.runners.ParentRunner$2.evaluate(ParentRunner.java:268)
	at org.springframework.test.context.junit4.statements.RunBeforeTestClassCallbacks.evaluate(RunBeforeTestClassCallbacks.java:61)
	at org.springframework.test.context.junit4.statements.RunAfterTestClassCallbacks.evaluate(RunAfterTestClassCallbacks.java:70)
	at org.junit.runners.ParentRunner.run(ParentRunner.java:363)
	at org.springframework.test.context.junit4.SpringJUnit4ClassRunner.run(SpringJUnit4ClassRunner.java:191)
	at org.junit.runner.JUnitCore.run(JUnitCore.java:137)
	at com.intellij.junit4.JUnit4IdeaTestRunner.startRunnerWithArgs(JUnit4IdeaTestRunner.java:68)
	at com.intellij.rt.execution.junit.IdeaTestRunner$Repeater.startRunnerWithArgs(IdeaTestRunner.java:47)
	at com.intellij.rt.execution.junit.JUnitStarter.prepareStreamsAndStart(JUnitStarter.java:242)
	at com.intellij.rt.execution.junit.JUnitStarter.main(JUnitStarter.java:70)
2019-03-14 16:24:58,527 INFO  main                             - Install Module: fault-tolerance
2019-03-14 16:24:58,539 INFO  main                             - Install Module: sofaTracer-resteasy
2019-03-14 16:24:58,541 WARN  main                             - Failed to load extension of extensible com.alipay.sofa.rpc.tracer.Tracer from classloader: sun.misc.Launcher$AppClassLoader@18b4aac2 and file:jar:file:/E:/develop/localRepository/com/alipay/sofa/sofa-rpc-enterprise-all/5.3.4/sofa-rpc-enterprise-all-5.3.4.jar!/META-INF/services/sofa-rpc/com.alipay.sofa.rpc.tracer.Tracer
java.lang.IllegalStateException: Error when load extension of extensible class com.alipay.sofa.rpc.tracer.Tracer from file:jar:file:/E:/develop/localRepository/com/alipay/sofa/sofa-rpc-enterprise-all/5.3.4/sofa-rpc-enterprise-all-5.3.4.jar!/META-INF/services/sofa-rpc/com.alipay.sofa.rpc.tracer.Tracer, Duplicate class with same alias: sofaTracer, class com.alipay.sofa.rpc.tracer.SofaTracer and class com.alipay.sofa.rpc.tracer.SofaTracer
	at com.alipay.sofa.rpc.ext.ExtensionLoader.readLine(ExtensionLoader.java:289)
	at com.alipay.sofa.rpc.ext.ExtensionLoader.loadFromClassLoader(ExtensionLoader.java:183)
	at com.alipay.sofa.rpc.ext.ExtensionLoader.loadFromFile(ExtensionLoader.java:157)
	at com.alipay.sofa.rpc.ext.ExtensionLoader.<init>(ExtensionLoader.java:140)
	at com.alipay.sofa.rpc.ext.ExtensionLoader.<init>(ExtensionLoader.java:90)
	at com.alipay.sofa.rpc.ext.ExtensionLoaderFactory.getExtensionLoader(ExtensionLoaderFactory.java:47)
	at com.alipay.sofa.rpc.ext.ExtensionLoaderFactory.getExtensionLoader(ExtensionLoaderFactory.java:63)
	at com.alipay.sofa.rpc.tracer.TracerFactory.getTracer(TracerFactory.java:38)
	at com.alipay.sofa.rpc.module.RestTracerModule.install(RestTracerModule.java:85)
	at com.alipay.sofa.rpc.module.ModuleFactory.installModules(ModuleFactory.java:89)
	at com.alipay.sofa.rpc.context.RpcRuntimeContext.<clinit>(RpcRuntimeContext.java:97)
	at com.alipay.sofa.rpc.config.AbstractIdConfig.<clinit>(AbstractIdConfig.java:40)
	at com.alipay.boot.sofarpc.adapter.TrBindingAdapter.createProviderConfig(TrBindingAdapter.java:318)
	at com.alipay.boot.sofarpc.adapter.TrBindingAdapter.preOutBinding(TrBindingAdapter.java:68)
	at com.alipay.boot.sofarpc.adapter.TrBindingAdapter.preOutBinding(TrBindingAdapter.java:60)
	at com.alipay.sofa.runtime.service.component.ServiceComponent.resolveBinding(ServiceComponent.java:108)
	at com.alipay.sofa.runtime.service.component.ServiceComponent.resolve(ServiceComponent.java:78)
	at com.alipay.sofa.runtime.component.impl.ComponentManagerImpl._register(ComponentManagerImpl.java:150)
	at com.alipay.sofa.runtime.component.impl.ComponentManagerImpl.register(ComponentManagerImpl.java:116)
	at com.alipay.sofa.runtime.spring.factory.ServiceFactoryBean.doAfterPropertiesSet(ServiceFactoryBean.java:57)
	at com.alipay.sofa.runtime.spring.factory.AbstractContractFactoryBean.afterPropertiesSet(AbstractContractFactoryBean.java:86)
	at org.springframework.beans.factory.support.AbstractAutowireCapableBeanFactory.invokeInitMethods(AbstractAutowireCapableBeanFactory.java:1642)
	at org.springframework.beans.factory.support.AbstractAutowireCapableBeanFactory.initializeBean(AbstractAutowireCapableBeanFactory.java:1579)
	at org.springframework.beans.factory.support.AbstractAutowireCapableBeanFactory.doCreateBean(AbstractAutowireCapableBeanFactory.java:553)
	at org.springframework.beans.factory.support.AbstractAutowireCapableBeanFactory.createBean(AbstractAutowireCapableBeanFactory.java:482)
	at org.springframework.beans.factory.support.AbstractBeanFactory$1.getObject(AbstractBeanFactory.java:306)
	at org.springframework.beans.factory.support.DefaultSingletonBeanRegistry.getSingleton(DefaultSingletonBeanRegistry.java:230)
	at org.springframework.beans.factory.support.AbstractBeanFactory.doGetBean(AbstractBeanFactory.java:302)
	at org.springframework.beans.factory.support.AbstractBeanFactory.getBean(AbstractBeanFactory.java:197)
	at org.springframework.beans.factory.support.DefaultListableBeanFactory.preInstantiateSingletons(DefaultListableBeanFactory.java:735)
	at org.springframework.context.support.AbstractApplicationContext.finishBeanFactoryInitialization(AbstractApplicationContext.java:866)
	at org.springframework.context.support.AbstractApplicationContext.refresh(AbstractApplicationContext.java:542)
	at org.springframework.boot.SpringApplication.refresh(SpringApplication.java:761)
	at org.springframework.boot.SpringApplication.refreshContext(SpringApplication.java:371)
	at org.springframework.boot.SpringApplication.run(SpringApplication.java:315)
	at org.springframework.boot.test.context.SpringBootContextLoader.loadContext(SpringBootContextLoader.java:111)
	at org.springframework.test.context.cache.DefaultCacheAwareContextLoaderDelegate.loadContextInternal(DefaultCacheAwareContextLoaderDelegate.java:98)
	at org.springframework.test.context.cache.DefaultCacheAwareContextLoaderDelegate.loadContext(DefaultCacheAwareContextLoaderDelegate.java:116)
	at org.springframework.test.context.support.DefaultTestContext.getApplicationContext(DefaultTestContext.java:83)
	at org.springframework.test.context.web.ServletTestExecutionListener.setUpRequestContextIfNecessary(ServletTestExecutionListener.java:189)
	at org.springframework.test.context.web.ServletTestExecutionListener.prepareTestInstance(ServletTestExecutionListener.java:131)
	at org.springframework.test.context.TestContextManager.prepareTestInstance(TestContextManager.java:230)
	at org.springframework.test.context.junit4.SpringJUnit4ClassRunner.createTest(SpringJUnit4ClassRunner.java:228)
	at org.springframework.test.context.junit4.SpringJUnit4ClassRunner$1.runReflectiveCall(SpringJUnit4ClassRunner.java:287)
	at org.junit.internal.runners.model.ReflectiveCallable.run(ReflectiveCallable.java:12)
	at org.springframework.test.context.junit4.SpringJUnit4ClassRunner.methodBlock(SpringJUnit4ClassRunner.java:289)
	at org.springframework.test.context.junit4.SpringJUnit4ClassRunner.runChild(SpringJUnit4ClassRunner.java:247)
	at org.springframework.test.context.junit4.SpringJUnit4ClassRunner.runChild(SpringJUnit4ClassRunner.java:94)
	at org.junit.runners.ParentRunner$3.run(ParentRunner.java:290)
	at org.junit.runners.ParentRunner$1.schedule(ParentRunner.java:71)
	at org.junit.runners.ParentRunner.runChildren(ParentRunner.java:288)
	at org.junit.runners.ParentRunner.access$000(ParentRunner.java:58)
	at org.junit.runners.ParentRunner$2.evaluate(ParentRunner.java:268)
	at org.springframework.test.context.junit4.statements.RunBeforeTestClassCallbacks.evaluate(RunBeforeTestClassCallbacks.java:61)
	at org.springframework.test.context.junit4.statements.RunAfterTestClassCallbacks.evaluate(RunAfterTestClassCallbacks.java:70)
	at org.junit.runners.ParentRunner.run(ParentRunner.java:363)
	at org.springframework.test.context.junit4.SpringJUnit4ClassRunner.run(SpringJUnit4ClassRunner.java:191)
	at org.junit.runner.JUnitCore.run(JUnitCore.java:137)
	at com.intellij.junit4.JUnit4IdeaTestRunner.startRunnerWithArgs(JUnit4IdeaTestRunner.java:68)
	at com.intellij.rt.execution.junit.IdeaTestRunner$Repeater.startRunnerWithArgs(IdeaTestRunner.java:47)
	at com.intellij.rt.execution.junit.JUnitStarter.prepareStreamsAndStart(JUnitStarter.java:242)
	at com.intellij.rt.execution.junit.JUnitStarter.main(JUnitStarter.java:70)
2019-03-14 16:24:58,736 INFO  main                             - Install Module: sofaTracer
2019-03-14 16:24:58,746 INFO  main                             - the run.mode is NORMAL
2019-03-14 16:24:58,753 INFO  main                             - Export provider config : com.dodolu.sofacore.facade.SampleService: with bean id sampleService
2019-03-14 16:24:58,761 WARN  main                             - Failed to load extension of extensible com.alipay.sofa.rpc.filter.Filter from classloader: sun.misc.Launcher$AppClassLoader@18b4aac2 and file:jar:file:/E:/develop/localRepository/com/alipay/sofa/sofa-rpc-enterprise-all/5.3.4/sofa-rpc-enterprise-all-5.3.4.jar!/META-INF/services/sofa-rpc/com.alipay.sofa.rpc.filter.Filter
java.lang.IllegalStateException: Error when load extension of extensible class com.alipay.sofa.rpc.filter.Filter from file:jar:file:/E:/develop/localRepository/com/alipay/sofa/sofa-rpc-enterprise-all/5.3.4/sofa-rpc-enterprise-all-5.3.4.jar!/META-INF/services/sofa-rpc/com.alipay.sofa.rpc.filter.Filter, Duplicate class with same alias: consumerTracer, class com.alipay.sofa.rpc.filter.ConsumerTracerFilter and class com.alipay.sofa.rpc.filter.ConsumerTracerFilter
	at com.alipay.sofa.rpc.ext.ExtensionLoader.readLine(ExtensionLoader.java:289)
	at com.alipay.sofa.rpc.ext.ExtensionLoader.loadFromClassLoader(ExtensionLoader.java:183)
	at com.alipay.sofa.rpc.ext.ExtensionLoader.loadFromFile(ExtensionLoader.java:157)
	at com.alipay.sofa.rpc.ext.ExtensionLoader.<init>(ExtensionLoader.java:140)
	at com.alipay.sofa.rpc.ext.ExtensionLoader.<init>(ExtensionLoader.java:90)
	at com.alipay.sofa.rpc.ext.ExtensionLoaderFactory.getExtensionLoader(ExtensionLoaderFactory.java:47)
	at com.alipay.sofa.rpc.filter.FilterChain.buildLoader(FilterChain.java:74)
	at com.alipay.sofa.rpc.filter.FilterChain.<clinit>(FilterChain.java:71)
	at com.alipay.sofa.rpc.server.ProviderProxyInvoker.<init>(ProviderProxyInvoker.java:52)
	at com.alipay.sofa.rpc.bootstrap.DefaultProviderBootstrap.doExport(DefaultProviderBootstrap.java:139)
	at com.alipay.sofa.rpc.bootstrap.DefaultProviderBootstrap.export(DefaultProviderBootstrap.java:97)
	at com.alipay.sofa.rpc.config.ProviderConfig.export(ProviderConfig.java:525)
	at com.alipay.boot.sofarpc.adapter.TrBindingAdapter.outBinding(TrBindingAdapter.java:88)
	at com.alipay.boot.sofarpc.adapter.TrBindingAdapter.outBinding(TrBindingAdapter.java:60)
	at com.alipay.sofa.runtime.service.component.ServiceComponent.activateBinding(ServiceComponent.java:148)
	at com.alipay.sofa.runtime.service.component.ServiceComponent.activate(ServiceComponent.java:118)
	at com.alipay.sofa.runtime.component.impl.ComponentManagerImpl._register(ComponentManagerImpl.java:152)
	at com.alipay.sofa.runtime.component.impl.ComponentManagerImpl.register(ComponentManagerImpl.java:116)
	at com.alipay.sofa.runtime.spring.factory.ServiceFactoryBean.doAfterPropertiesSet(ServiceFactoryBean.java:57)
	at com.alipay.sofa.runtime.spring.factory.AbstractContractFactoryBean.afterPropertiesSet(AbstractContractFactoryBean.java:86)
	at org.springframework.beans.factory.support.AbstractAutowireCapableBeanFactory.invokeInitMethods(AbstractAutowireCapableBeanFactory.java:1642)
	at org.springframework.beans.factory.support.AbstractAutowireCapableBeanFactory.initializeBean(AbstractAutowireCapableBeanFactory.java:1579)
	at org.springframework.beans.factory.support.AbstractAutowireCapableBeanFactory.doCreateBean(AbstractAutowireCapableBeanFactory.java:553)
	at org.springframework.beans.factory.support.AbstractAutowireCapableBeanFactory.createBean(AbstractAutowireCapableBeanFactory.java:482)
	at org.springframework.beans.factory.support.AbstractBeanFactory$1.getObject(AbstractBeanFactory.java:306)
	at org.springframework.beans.factory.support.DefaultSingletonBeanRegistry.getSingleton(DefaultSingletonBeanRegistry.java:230)
	at org.springframework.beans.factory.support.AbstractBeanFactory.doGetBean(AbstractBeanFactory.java:302)
	at org.springframework.beans.factory.support.AbstractBeanFactory.getBean(AbstractBeanFactory.java:197)
	at org.springframework.beans.factory.support.DefaultListableBeanFactory.preInstantiateSingletons(DefaultListableBeanFactory.java:735)
	at org.springframework.context.support.AbstractApplicationContext.finishBeanFactoryInitialization(AbstractApplicationContext.java:866)
	at org.springframework.context.support.AbstractApplicationContext.refresh(AbstractApplicationContext.java:542)
	at org.springframework.boot.SpringApplication.refresh(SpringApplication.java:761)
	at org.springframework.boot.SpringApplication.refreshContext(SpringApplication.java:371)
	at org.springframework.boot.SpringApplication.run(SpringApplication.java:315)
	at org.springframework.boot.test.context.SpringBootContextLoader.loadContext(SpringBootContextLoader.java:111)
	at org.springframework.test.context.cache.DefaultCacheAwareContextLoaderDelegate.loadContextInternal(DefaultCacheAwareContextLoaderDelegate.java:98)
	at org.springframework.test.context.cache.DefaultCacheAwareContextLoaderDelegate.loadContext(DefaultCacheAwareContextLoaderDelegate.java:116)
	at org.springframework.test.context.support.DefaultTestContext.getApplicationContext(DefaultTestContext.java:83)
	at org.springframework.test.context.web.ServletTestExecutionListener.setUpRequestContextIfNecessary(ServletTestExecutionListener.java:189)
	at org.springframework.test.context.web.ServletTestExecutionListener.prepareTestInstance(ServletTestExecutionListener.java:131)
	at org.springframework.test.context.TestContextManager.prepareTestInstance(TestContextManager.java:230)
	at org.springframework.test.context.junit4.SpringJUnit4ClassRunner.createTest(SpringJUnit4ClassRunner.java:228)
	at org.springframework.test.context.junit4.SpringJUnit4ClassRunner$1.runReflectiveCall(SpringJUnit4ClassRunner.java:287)
	at org.junit.internal.runners.model.ReflectiveCallable.run(ReflectiveCallable.java:12)
	at org.springframework.test.context.junit4.SpringJUnit4ClassRunner.methodBlock(SpringJUnit4ClassRunner.java:289)
	at org.springframework.test.context.junit4.SpringJUnit4ClassRunner.runChild(SpringJUnit4ClassRunner.java:247)
	at org.springframework.test.context.junit4.SpringJUnit4ClassRunner.runChild(SpringJUnit4ClassRunner.java:94)
	at org.junit.runners.ParentRunner$3.run(ParentRunner.java:290)
	at org.junit.runners.ParentRunner$1.schedule(ParentRunner.java:71)
	at org.junit.runners.ParentRunner.runChildren(ParentRunner.java:288)
	at org.junit.runners.ParentRunner.access$000(ParentRunner.java:58)
	at org.junit.runners.ParentRunner$2.evaluate(ParentRunner.java:268)
	at org.springframework.test.context.junit4.statements.RunBeforeTestClassCallbacks.evaluate(RunBeforeTestClassCallbacks.java:61)
	at org.springframework.test.context.junit4.statements.RunAfterTestClassCallbacks.evaluate(RunAfterTestClassCallbacks.java:70)
	at org.junit.runners.ParentRunner.run(ParentRunner.java:363)
	at org.springframework.test.context.junit4.SpringJUnit4ClassRunner.run(SpringJUnit4ClassRunner.java:191)
	at org.junit.runner.JUnitCore.run(JUnitCore.java:137)
	at com.intellij.junit4.JUnit4IdeaTestRunner.startRunnerWithArgs(JUnit4IdeaTestRunner.java:68)
	at com.intellij.rt.execution.junit.IdeaTestRunner$Repeater.startRunnerWithArgs(IdeaTestRunner.java:47)
	at com.intellij.rt.execution.junit.JUnitStarter.prepareStreamsAndStart(JUnitStarter.java:242)
	at com.intellij.rt.execution.junit.JUnitStarter.main(JUnitStarter.java:70)
2019-03-14 16:25:00,867 ERROR main                             - health check callback errr
com.alipay.sofa.rpc.core.exception.SofaRpcRuntimeException: Failed to start bolt server, see more detail from bolt log.
	at com.alipay.sofa.rpc.server.bolt.BoltServer.start(BoltServer.java:111)
	at com.alipay.boot.sofarpc.spring.listener.Slite2RPCStartedListener.onApplicationEvent(Slite2RPCStartedListener.java:51)
	at com.alipay.boot.sofarpc.spring.listener.Slite2RPCStartedListener.onApplicationEvent(Slite2RPCStartedListener.java:41)
	at org.springframework.context.event.SimpleApplicationEventMulticaster.invokeListener(SimpleApplicationEventMulticaster.java:166)
	at org.springframework.context.event.SimpleApplicationEventMulticaster.multicastEvent(SimpleApplicationEventMulticaster.java:138)
	at org.springframework.context.support.AbstractApplicationContext.publishEvent(AbstractApplicationContext.java:383)
	at org.springframework.context.support.AbstractApplicationContext.publishEvent(AbstractApplicationContext.java:337)
	at com.alipay.boot.sofarpc.spring.health.RpcAfterHealthCheckCallback.onHealthy(RpcAfterHealthCheckCallback.java:48)
	at com.alipay.sofa.healthcheck.core.AfterHealthCheckCallbackProcessor.doApplicationAfterHealthCheckCallback(AfterHealthCheckCallbackProcessor.java:122)
	at com.alipay.sofa.healthcheck.core.AfterHealthCheckCallbackProcessor.checkAfterHealthCheckCallback(AfterHealthCheckCallbackProcessor.java:45)
	at com.alipay.sofa.healthcheck.startup.ReadinessCheckProcessor.operationHealthCheckProcess(ReadinessCheckProcessor.java:134)
	at com.alipay.sofa.healthcheck.startup.ReadinessCheckProcessor.checkHealth(ReadinessCheckProcessor.java:57)
	at com.alipay.sofa.healthcheck.startup.HealthCheckTrigger.onApplicationEvent(HealthCheckTrigger.java:47)
	at com.alipay.sofa.healthcheck.startup.HealthCheckTrigger.onApplicationEvent(HealthCheckTrigger.java:34)
	at org.springframework.context.event.SimpleApplicationEventMulticaster.invokeListener(SimpleApplicationEventMulticaster.java:166)
	at org.springframework.context.event.SimpleApplicationEventMulticaster.multicastEvent(SimpleApplicationEventMulticaster.java:138)
	at org.springframework.context.support.AbstractApplicationContext.publishEvent(AbstractApplicationContext.java:383)
	at org.springframework.context.support.AbstractApplicationContext.publishEvent(AbstractApplicationContext.java:337)
	at org.springframework.context.support.AbstractApplicationContext.finishRefresh(AbstractApplicationContext.java:882)
	at org.springframework.context.support.AbstractApplicationContext.refresh(AbstractApplicationContext.java:545)
	at org.springframework.boot.SpringApplication.refresh(SpringApplication.java:761)
	at org.springframework.boot.SpringApplication.refreshContext(SpringApplication.java:371)
	at org.springframework.boot.SpringApplication.run(SpringApplication.java:315)
	at org.springframework.boot.test.context.SpringBootContextLoader.loadContext(SpringBootContextLoader.java:111)
	at org.springframework.test.context.cache.DefaultCacheAwareContextLoaderDelegate.loadContextInternal(DefaultCacheAwareContextLoaderDelegate.java:98)
	at org.springframework.test.context.cache.DefaultCacheAwareContextLoaderDelegate.loadContext(DefaultCacheAwareContextLoaderDelegate.java:116)
	at org.springframework.test.context.support.DefaultTestContext.getApplicationContext(DefaultTestContext.java:83)
	at org.springframework.test.context.web.ServletTestExecutionListener.setUpRequestContextIfNecessary(ServletTestExecutionListener.java:189)
	at org.springframework.test.context.web.ServletTestExecutionListener.prepareTestInstance(ServletTestExecutionListener.java:131)
	at org.springframework.test.context.TestContextManager.prepareTestInstance(TestContextManager.java:230)
	at org.springframework.test.context.junit4.SpringJUnit4ClassRunner.createTest(SpringJUnit4ClassRunner.java:228)
	at org.springframework.test.context.junit4.SpringJUnit4ClassRunner$1.runReflectiveCall(SpringJUnit4ClassRunner.java:287)
	at org.junit.internal.runners.model.ReflectiveCallable.run(ReflectiveCallable.java:12)
	at org.springframework.test.context.junit4.SpringJUnit4ClassRunner.methodBlock(SpringJUnit4ClassRunner.java:289)
	at org.springframework.test.context.junit4.SpringJUnit4ClassRunner.runChild(SpringJUnit4ClassRunner.java:247)
	at org.springframework.test.context.junit4.SpringJUnit4ClassRunner.runChild(SpringJUnit4ClassRunner.java:94)
	at org.junit.runners.ParentRunner$3.run(ParentRunner.java:290)
	at org.junit.runners.ParentRunner$1.schedule(ParentRunner.java:71)
	at org.junit.runners.ParentRunner.runChildren(ParentRunner.java:288)
	at org.junit.runners.ParentRunner.access$000(ParentRunner.java:58)
	at org.junit.runners.ParentRunner$2.evaluate(ParentRunner.java:268)
	at org.springframework.test.context.junit4.statements.RunBeforeTestClassCallbacks.evaluate(RunBeforeTestClassCallbacks.java:61)
	at org.springframework.test.context.junit4.statements.RunAfterTestClassCallbacks.evaluate(RunAfterTestClassCallbacks.java:70)
	at org.junit.runners.ParentRunner.run(ParentRunner.java:363)
	at org.springframework.test.context.junit4.SpringJUnit4ClassRunner.run(SpringJUnit4ClassRunner.java:191)
	at org.junit.runner.JUnitCore.run(JUnitCore.java:137)
	at com.intellij.junit4.JUnit4IdeaTestRunner.startRunnerWithArgs(JUnit4IdeaTestRunner.java:68)
	at com.intellij.rt.execution.junit.IdeaTestRunner$Repeater.startRunnerWithArgs(IdeaTestRunner.java:47)
	at com.intellij.rt.execution.junit.JUnitStarter.prepareStreamsAndStart(JUnitStarter.java:242)
	at com.intellij.rt.execution.junit.JUnitStarter.main(JUnitStarter.java:70)
2019-03-14 16:25:00,940 WARN  SOFA-RPC-ShutdownHook            - SOFA RPC Framework catch JVM shutdown event, Run shutdown hook now.
2019-03-14 16:25:00,940 INFO  Thread-2                         - Unexport provider config : com.dodolu.sofacore.facade.SampleService: with bean id sampleService
2019-03-14 16:25:00,943 INFO  SOFA-RPC-ShutdownHook            - Uninstall Module: fault-tolerance
2019-03-14 16:25:00,943 INFO  SOFA-RPC-ShutdownHook            - Uninstall Module: sofaTracer-resteasy
2019-03-14 16:25:00,943 INFO  SOFA-RPC-ShutdownHook            - Uninstall Module: sofaTracer
2019-03-14 16:25:00,943 WARN  SOFA-RPC-ShutdownHook            - SOFA RPC Framework has been release all resources ...
